<?xml version="1.0" encoding="UTF-8"?>
<!-- Generated by org.testng.reporters.JUnitReportReporter -->
<testsuite skipped="0" hostname="LAPTOP-O1ADAID9" name="SeleniumGrid.WinChrome" tests="1" failures="0" timestamp="2021-07-04T20:10:31 IST" time="0.981" errors="0">
  <testcase name="maintest" time="0.981" classname="SeleniumGrid.WinChrome"/>
  <system-out/>
</testsuite> <!-- SeleniumGrid.WinChrome -->
