<?xml version="1.0" encoding="UTF-8"?>
<!-- Generated by org.testng.reporters.JUnitReportReporter -->
<testsuite skipped="0" hostname="LAPTOP-O1ADAID9" name="SamplePackage.Example" tests="1" failures="0" timestamp="2021-05-24T10:17:01 IST" time="0.012" errors="0">
  <testcase name="property" time="0.012" classname="SamplePackage.Example"/>
  <system-out/>
</testsuite> <!-- SamplePackage.Example -->
